<?xml version="1.0" encoding="UTF-8"?>
<!-- Generated by org.testng.reporters.JUnitReportReporter -->
<testsuite skipped="0" hostname="WKWIN4983590" name="com.selenium.test.SampleSelenium.E2Etest" tests="1" failures="0" timestamp="10 Dec 2019 18:10:41 GMT" time="3.791" errors="0">
  <testcase name="Login" time="3.791" classname="com.selenium.test.SampleSelenium.E2Etest"/>
</testsuite> <!-- com.selenium.test.SampleSelenium.E2Etest -->
