<?xml version="1.0" encoding="UTF-8"?>
<!-- Generated by org.testng.reporters.JUnitReportReporter -->
<testsuite skipped="0" hostname="WKWIN4983590" name="com.selenium.test.SampleSelenium.E2Etest" tests="1" failures="0" timestamp="12 Feb 2020 07:06:31 GMT" time="2.921" errors="0">
  <testcase name="Login" time="2.921" classname="com.selenium.test.SampleSelenium.E2Etest"/>
</testsuite> <!-- com.selenium.test.SampleSelenium.E2Etest -->
