<?xml version="1.0" encoding="UTF-8"?>
<!-- Generated by org.testng.reporters.JUnitReportReporter -->
<testsuite skipped="0" hostname="WKWIN4983590" name="com.selenium.test.SampleSelenium.E2Etest" tests="1" failures="0" timestamp="11 Feb 2020 05:39:38 GMT" time="2.972" errors="0">
  <testcase name="Login" time="2.972" classname="com.selenium.test.SampleSelenium.E2Etest"/>
</testsuite> <!-- com.selenium.test.SampleSelenium.E2Etest -->
